[debug] [2023-08-14T14:37:12.937Z] ----------------------------------------------------------------------
[debug] [2023-08-14T14:37:12.938Z] Command:       /usr/local/bin/firebase /home/jakubc/.cache/firebase/tools/lib/node_modules/firebase-tools/lib/bin/firebase emulators:start
[debug] [2023-08-14T14:37:12.938Z] CLI Version:   12.4.7
[debug] [2023-08-14T14:37:12.938Z] Platform:      linux
[debug] [2023-08-14T14:37:12.938Z] Node Version:  v16.16.0
[debug] [2023-08-14T14:37:12.938Z] Time:          Mon Aug 14 2023 16:37:12 GMT+0200 (Central European Summer Time)
[debug] [2023-08-14T14:37:12.938Z] ----------------------------------------------------------------------
[debug] 
[debug] [2023-08-14T14:37:12.978Z] > command requires scopes: ["email","openid","https://www.googleapis.com/auth/cloudplatformprojects.readonly","https://www.googleapis.com/auth/firebase","https://www.googleapis.com/auth/cloud-platform"]
[debug] [2023-08-14T14:37:13.194Z] openjdk version "20.0.2" 2023-07-18
OpenJDK Runtime Environment (build 20.0.2+9)
OpenJDK 64-Bit Server VM (build 20.0.2+9, mixed mode, sharing)

[debug] [2023-08-14T14:37:13.198Z] Parsed Java major version: 20
[info] i  emulators: Starting emulators: firestore {"metadata":{"emulator":{"name":"hub"},"message":"Starting emulators: firestore"}}
[debug] [2023-08-14T14:37:13.201Z] [logging] Logging Emulator only supports listening on one address (127.0.0.1). Not listening on ::1
[debug] [2023-08-14T14:37:13.201Z] [firestore] Firestore Emulator only supports listening on one address (127.0.0.1). Not listening on ::1
[debug] [2023-08-14T14:37:13.201Z] [firestore.websocket] websocket server for firestore only supports listening on one address (127.0.0.1). Not listening on ::1
[debug] [2023-08-14T14:37:13.201Z] assigned listening specs for emulators {"user":{"hub":[{"address":"127.0.0.1","family":"IPv4","port":4400},{"address":"::1","family":"IPv6","port":4400}],"ui":[{"address":"127.0.0.1","family":"IPv4","port":4000},{"address":"::1","family":"IPv6","port":4000}],"logging":[{"address":"127.0.0.1","family":"IPv4","port":4500}],"firestore":[{"address":"127.0.0.1","family":"IPv4","port":8080}],"firestore.websocket":[{"address":"127.0.0.1","family":"IPv4","port":9150}]},"metadata":{"message":"assigned listening specs for emulators"}}
[debug] [2023-08-14T14:37:13.204Z] [hub] writing locator at /tmp/hub-gifted-decker-395914.json
[info] i  firestore: downloading cloud-firestore-emulator-v1.18.1.jar... {"metadata":{"emulator":{"name":"firestore"},"message":"downloading cloud-firestore-emulator-v1.18.1.jar..."}}
[debug] [2023-08-14T14:37:13.208Z] >>> [apiv2][query] GET https://storage.googleapis.com/firebase-preview-drop/emulator/cloud-firestore-emulator-v1.18.1.jar 
[debug] [2023-08-14T14:37:13.484Z] <<< [apiv2][status] GET https://storage.googleapis.com/firebase-preview-drop/emulator/cloud-firestore-emulator-v1.18.1.jar 200
[debug] [2023-08-14T14:37:13.485Z] <<< [apiv2][body] GET https://storage.googleapis.com/firebase-preview-drop/emulator/cloud-firestore-emulator-v1.18.1.jar [stream]
[debug] [2023-08-14T14:37:21.096Z] Ignoring unsupported arg: auto_download {"metadata":{"emulator":{"name":"firestore"},"message":"Ignoring unsupported arg: auto_download"}}
[debug] [2023-08-14T14:37:21.097Z] Ignoring unsupported arg: single_project_mode_error {"metadata":{"emulator":{"name":"firestore"},"message":"Ignoring unsupported arg: single_project_mode_error"}}
[debug] [2023-08-14T14:37:21.097Z] Starting Firestore Emulator with command {"binary":"java","args":["-Dgoogle.cloud_firestore.debug_log_level=FINE","-Duser.language=en","-jar","/home/jakubc/.cache/firebase/emulators/cloud-firestore-emulator-v1.18.1.jar","--host","127.0.0.1","--port",8080,"--websocket_port",9150,"--project_id","gifted-decker-395914","--rules","/home/jakubc/repos/language-learning-ai/firebase/firestore.rules","--single_project_mode",true],"optionalArgs":["port","webchannel_port","host","rules","websocket_port","functions_emulator","seed_from_export","project_id","single_project_mode"],"joinArgs":false} {"metadata":{"emulator":{"name":"firestore"},"message":"Starting Firestore Emulator with command {\"binary\":\"java\",\"args\":[\"-Dgoogle.cloud_firestore.debug_log_level=FINE\",\"-Duser.language=en\",\"-jar\",\"/home/jakubc/.cache/firebase/emulators/cloud-firestore-emulator-v1.18.1.jar\",\"--host\",\"127.0.0.1\",\"--port\",8080,\"--websocket_port\",9150,\"--project_id\",\"gifted-decker-395914\",\"--rules\",\"/home/jakubc/repos/language-learning-ai/firebase/firestore.rules\",\"--single_project_mode\",true],\"optionalArgs\":[\"port\",\"webchannel_port\",\"host\",\"rules\",\"websocket_port\",\"functions_emulator\",\"seed_from_export\",\"project_id\",\"single_project_mode\"],\"joinArgs\":false}"}}
[info] i  firestore: Firestore Emulator logging to firestore-debug.log {"metadata":{"emulator":{"name":"firestore"},"message":"Firestore Emulator logging to \u001b[1mfirestore-debug.log\u001b[22m"}}
[debug] [2023-08-14T14:37:21.579Z] Aug 14, 2023 4:37:21 PM com.google.cloud.datastore.emulator.firestore.websocket.WebSocketServer start
INFO: Started WebSocket server on ws://127.0.0.1:9150
 {"metadata":{"emulator":{"name":"firestore"},"message":"Aug 14, 2023 4:37:21 PM com.google.cloud.datastore.emulator.firestore.websocket.WebSocketServer start\nINFO: Started WebSocket server on ws://127.0.0.1:9150\n"}}
[debug] [2023-08-14T14:37:21.590Z] API endpoint: http://127.0.0.1:8080
If you are using a library that supports the FIRESTORE_EMULATOR_HOST environment variable, run:

   export FIRESTORE_EMULATOR_HOST=127.0.0.1:8080

Dev App Server is now running.

 {"metadata":{"emulator":{"name":"firestore"},"message":"API endpoint: http://127.0.0.1:8080\nIf you are using a library that supports the FIRESTORE_EMULATOR_HOST environment variable, run:\n\n   export FIRESTORE_EMULATOR_HOST=127.0.0.1:8080\n\nDev App Server is now running.\n\n"}}
[info] ✔  firestore: Firestore Emulator UI websocket is running on 9150. {"metadata":{"emulator":{"name":"firestore"},"message":"Firestore Emulator UI websocket is running on 9150."}}
[info] i  ui: downloading ui-v1.11.7.zip... {"metadata":{"emulator":{"name":"ui"},"message":"downloading ui-v1.11.7.zip..."}}
[debug] [2023-08-14T14:37:21.617Z] >>> [apiv2][query] GET https://storage.googleapis.com/firebase-preview-drop/emulator/ui-v1.11.7.zip 
[debug] [2023-08-14T14:37:21.833Z] <<< [apiv2][status] GET https://storage.googleapis.com/firebase-preview-drop/emulator/ui-v1.11.7.zip 200
[debug] [2023-08-14T14:37:21.833Z] <<< [apiv2][body] GET https://storage.googleapis.com/firebase-preview-drop/emulator/ui-v1.11.7.zip [stream]
[debug] [2023-08-14T14:37:22.278Z] Data is 3064105
[debug] [2023-08-14T14:37:22.278Z] [unzip] Entry: client/ (compressed_size=0 bytes, uncompressed_size=0 bytes)
[debug] [2023-08-14T14:37:22.279Z] [unzip] Processing entry: client/
[debug] [2023-08-14T14:37:22.279Z] [unzip] mkdir: /home/jakubc/.cache/firebase/emulators/ui-v1.11.7/client/
[debug] [2023-08-14T14:37:22.279Z] [unzip] Entry: client/favicon.ico (compressed_size=2497 bytes, uncompressed_size=7406 bytes)
[debug] [2023-08-14T14:37:22.280Z] [unzip] Processing entry: client/favicon.ico
[debug] [2023-08-14T14:37:22.280Z] [unzip] else mkdir: /home/jakubc/.cache/firebase/emulators/ui-v1.11.7/client
[debug] [2023-08-14T14:37:22.280Z] [unzip] deflating: /home/jakubc/.cache/firebase/emulators/ui-v1.11.7/client/favicon.ico
[debug] [2023-08-14T14:37:22.283Z] [unzip] Entry: client/apple-touch-icon.png (compressed_size=7231 bytes, uncompressed_size=7367 bytes)
[debug] [2023-08-14T14:37:22.283Z] [unzip] Processing entry: client/apple-touch-icon.png
[debug] [2023-08-14T14:37:22.283Z] [unzip] else mkdir: /home/jakubc/.cache/firebase/emulators/ui-v1.11.7/client
[debug] [2023-08-14T14:37:22.284Z] [unzip] deflating: /home/jakubc/.cache/firebase/emulators/ui-v1.11.7/client/apple-touch-icon.png
[debug] [2023-08-14T14:37:22.284Z] [unzip] Entry: client/android-chrome-512x512.png (compressed_size=16987 bytes, uncompressed_size=18186 bytes)
[debug] [2023-08-14T14:37:22.284Z] [unzip] Processing entry: client/android-chrome-512x512.png
[debug] [2023-08-14T14:37:22.285Z] [unzip] else mkdir: /home/jakubc/.cache/firebase/emulators/ui-v1.11.7/client
[debug] [2023-08-14T14:37:22.285Z] [unzip] deflating: /home/jakubc/.cache/firebase/emulators/ui-v1.11.7/client/android-chrome-512x512.png
[debug] [2023-08-14T14:37:22.285Z] [unzip] Entry: client/assets/ (compressed_size=0 bytes, uncompressed_size=0 bytes)
[debug] [2023-08-14T14:37:22.286Z] [unzip] Processing entry: client/assets/
[debug] [2023-08-14T14:37:22.286Z] [unzip] mkdir: /home/jakubc/.cache/firebase/emulators/ui-v1.11.7/client/assets/
[debug] [2023-08-14T14:37:22.286Z] [unzip] Entry: client/assets/extensions/ (compressed_size=0 bytes, uncompressed_size=0 bytes)
[debug] [2023-08-14T14:37:22.286Z] [unzip] Processing entry: client/assets/extensions/
[debug] [2023-08-14T14:37:22.286Z] [unzip] mkdir: /home/jakubc/.cache/firebase/emulators/ui-v1.11.7/client/assets/extensions/
[debug] [2023-08-14T14:37:22.286Z] [unzip] Entry: client/assets/extensions/default-extension.png (compressed_size=1646 bytes, uncompressed_size=1657 bytes)
[debug] [2023-08-14T14:37:22.286Z] [unzip] Processing entry: client/assets/extensions/default-extension.png
[debug] [2023-08-14T14:37:22.286Z] [unzip] else mkdir: /home/jakubc/.cache/firebase/emulators/ui-v1.11.7/client/assets/extensions
[debug] [2023-08-14T14:37:22.286Z] [unzip] deflating: /home/jakubc/.cache/firebase/emulators/ui-v1.11.7/client/assets/extensions/default-extension.png
[debug] [2023-08-14T14:37:22.287Z] [unzip] Entry: client/assets/index.58ca09f7.css (compressed_size=37601 bytes, uncompressed_size=321252 bytes)
[debug] [2023-08-14T14:37:22.287Z] [unzip] Processing entry: client/assets/index.58ca09f7.css
[debug] [2023-08-14T14:37:22.287Z] [unzip] else mkdir: /home/jakubc/.cache/firebase/emulators/ui-v1.11.7/client/assets
[debug] [2023-08-14T14:37:22.287Z] [unzip] deflating: /home/jakubc/.cache/firebase/emulators/ui-v1.11.7/client/assets/index.58ca09f7.css
[debug] [2023-08-14T14:37:22.289Z] [unzip] Entry: client/assets/index.c2583d42.js (compressed_size=526232 bytes, uncompressed_size=1860152 bytes)
[debug] [2023-08-14T14:37:22.289Z] [unzip] Processing entry: client/assets/index.c2583d42.js
[debug] [2023-08-14T14:37:22.289Z] [unzip] else mkdir: /home/jakubc/.cache/firebase/emulators/ui-v1.11.7/client/assets
[debug] [2023-08-14T14:37:22.289Z] [unzip] deflating: /home/jakubc/.cache/firebase/emulators/ui-v1.11.7/client/assets/index.c2583d42.js
[debug] [2023-08-14T14:37:22.302Z] [unzip] Entry: client/assets/provider-icons/ (compressed_size=0 bytes, uncompressed_size=0 bytes)
[debug] [2023-08-14T14:37:22.303Z] [unzip] Processing entry: client/assets/provider-icons/
[debug] [2023-08-14T14:37:22.303Z] [unzip] mkdir: /home/jakubc/.cache/firebase/emulators/ui-v1.11.7/client/assets/provider-icons/
[debug] [2023-08-14T14:37:22.303Z] [unzip] Entry: client/assets/provider-icons/auth_service_oidc.svg (compressed_size=414 bytes, uncompressed_size=858 bytes)
[debug] [2023-08-14T14:37:22.303Z] [unzip] Processing entry: client/assets/provider-icons/auth_service_oidc.svg
[debug] [2023-08-14T14:37:22.303Z] [unzip] else mkdir: /home/jakubc/.cache/firebase/emulators/ui-v1.11.7/client/assets/provider-icons
[debug] [2023-08-14T14:37:22.303Z] [unzip] deflating: /home/jakubc/.cache/firebase/emulators/ui-v1.11.7/client/assets/provider-icons/auth_service_oidc.svg
[debug] [2023-08-14T14:37:22.303Z] [unzip] Entry: client/assets/provider-icons/auth_service_yahoo.svg (compressed_size=577 bytes, uncompressed_size=1182 bytes)
[debug] [2023-08-14T14:37:22.303Z] [unzip] Processing entry: client/assets/provider-icons/auth_service_yahoo.svg
[debug] [2023-08-14T14:37:22.303Z] [unzip] else mkdir: /home/jakubc/.cache/firebase/emulators/ui-v1.11.7/client/assets/provider-icons
[debug] [2023-08-14T14:37:22.303Z] [unzip] deflating: /home/jakubc/.cache/firebase/emulators/ui-v1.11.7/client/assets/provider-icons/auth_service_yahoo.svg
[debug] [2023-08-14T14:37:22.304Z] [unzip] Entry: client/assets/provider-icons/auth_service_phone.svg (compressed_size=261 bytes, uncompressed_size=414 bytes)
[debug] [2023-08-14T14:37:22.304Z] [unzip] Processing entry: client/assets/provider-icons/auth_service_phone.svg
[debug] [2023-08-14T14:37:22.304Z] [unzip] else mkdir: /home/jakubc/.cache/firebase/emulators/ui-v1.11.7/client/assets/provider-icons
[debug] [2023-08-14T14:37:22.304Z] [unzip] deflating: /home/jakubc/.cache/firebase/emulators/ui-v1.11.7/client/assets/provider-icons/auth_service_phone.svg
[debug] [2023-08-14T14:37:22.304Z] [unzip] Entry: client/assets/provider-icons/auth_service_saml.svg (compressed_size=575 bytes, uncompressed_size=1226 bytes)
[debug] [2023-08-14T14:37:22.304Z] [unzip] Processing entry: client/assets/provider-icons/auth_service_saml.svg
[debug] [2023-08-14T14:37:22.304Z] [unzip] else mkdir: /home/jakubc/.cache/firebase/emulators/ui-v1.11.7/client/assets/provider-icons
[debug] [2023-08-14T14:37:22.304Z] [unzip] deflating: /home/jakubc/.cache/firebase/emulators/ui-v1.11.7/client/assets/provider-icons/auth_service_saml.svg
[debug] [2023-08-14T14:37:22.305Z] [unzip] Entry: client/assets/provider-icons/auth_service_mslive.svg (compressed_size=203 bytes, uncompressed_size=378 bytes)
[debug] [2023-08-14T14:37:22.305Z] [unzip] Processing entry: client/assets/provider-icons/auth_service_mslive.svg
[debug] [2023-08-14T14:37:22.305Z] [unzip] else mkdir: /home/jakubc/.cache/firebase/emulators/ui-v1.11.7/client/assets/provider-icons
[debug] [2023-08-14T14:37:22.305Z] [unzip] deflating: /home/jakubc/.cache/firebase/emulators/ui-v1.11.7/client/assets/provider-icons/auth_service_mslive.svg
[debug] [2023-08-14T14:37:22.305Z] [unzip] Entry: client/assets/provider-icons/auth_service_facebook.svg (compressed_size=289 bytes, uncompressed_size=457 bytes)
[debug] [2023-08-14T14:37:22.305Z] [unzip] Processing entry: client/assets/provider-icons/auth_service_facebook.svg
[debug] [2023-08-14T14:37:22.305Z] [unzip] else mkdir: /home/jakubc/.cache/firebase/emulators/ui-v1.11.7/client/assets/provider-icons
[debug] [2023-08-14T14:37:22.305Z] [unzip] deflating: /home/jakubc/.cache/firebase/emulators/ui-v1.11.7/client/assets/provider-icons/auth_service_facebook.svg
[debug] [2023-08-14T14:37:22.305Z] [unzip] Entry: client/assets/provider-icons/auth_service_play_games.svg (compressed_size=565 bytes, uncompressed_size=1173 bytes)
[debug] [2023-08-14T14:37:22.305Z] [unzip] Processing entry: client/assets/provider-icons/auth_service_play_games.svg
[debug] [2023-08-14T14:37:22.305Z] [unzip] else mkdir: /home/jakubc/.cache/firebase/emulators/ui-v1.11.7/client/assets/provider-icons
[debug] [2023-08-14T14:37:22.306Z] [unzip] deflating: /home/jakubc/.cache/firebase/emulators/ui-v1.11.7/client/assets/provider-icons/auth_service_play_games.svg
[debug] [2023-08-14T14:37:22.306Z] [unzip] Entry: client/assets/provider-icons/auth_service_github.svg (compressed_size=466 bytes, uncompressed_size=838 bytes)
[debug] [2023-08-14T14:37:22.306Z] [unzip] Processing entry: client/assets/provider-icons/auth_service_github.svg
[debug] [2023-08-14T14:37:22.306Z] [unzip] else mkdir: /home/jakubc/.cache/firebase/emulators/ui-v1.11.7/client/assets/provider-icons
[debug] [2023-08-14T14:37:22.306Z] [unzip] deflating: /home/jakubc/.cache/firebase/emulators/ui-v1.11.7/client/assets/provider-icons/auth_service_github.svg
[debug] [2023-08-14T14:37:22.306Z] [unzip] Entry: client/assets/provider-icons/auth_service_apple.svg (compressed_size=230 bytes, uncompressed_size=334 bytes)
[debug] [2023-08-14T14:37:22.306Z] [unzip] Processing entry: client/assets/provider-icons/auth_service_apple.svg
[debug] [2023-08-14T14:37:22.306Z] [unzip] else mkdir: /home/jakubc/.cache/firebase/emulators/ui-v1.11.7/client/assets/provider-icons
[debug] [2023-08-14T14:37:22.306Z] [unzip] deflating: /home/jakubc/.cache/firebase/emulators/ui-v1.11.7/client/assets/provider-icons/auth_service_apple.svg
[debug] [2023-08-14T14:37:22.306Z] [unzip] Entry: client/assets/provider-icons/auth_service_google.svg (compressed_size=409 bytes, uncompressed_size=720 bytes)
[debug] [2023-08-14T14:37:22.306Z] [unzip] Processing entry: client/assets/provider-icons/auth_service_google.svg
[debug] [2023-08-14T14:37:22.306Z] [unzip] else mkdir: /home/jakubc/.cache/firebase/emulators/ui-v1.11.7/client/assets/provider-icons
[debug] [2023-08-14T14:37:22.306Z] [unzip] deflating: /home/jakubc/.cache/firebase/emulators/ui-v1.11.7/client/assets/provider-icons/auth_service_google.svg
[debug] [2023-08-14T14:37:22.307Z] [unzip] Entry: client/assets/provider-icons/auth_service_email.svg (compressed_size=228 bytes, uncompressed_size=326 bytes)
[debug] [2023-08-14T14:37:22.307Z] [unzip] Processing entry: client/assets/provider-icons/auth_service_email.svg
[debug] [2023-08-14T14:37:22.307Z] [unzip] else mkdir: /home/jakubc/.cache/firebase/emulators/ui-v1.11.7/client/assets/provider-icons
[debug] [2023-08-14T14:37:22.307Z] [unzip] deflating: /home/jakubc/.cache/firebase/emulators/ui-v1.11.7/client/assets/provider-icons/auth_service_email.svg
[debug] [2023-08-14T14:37:22.307Z] [unzip] Entry: client/assets/provider-icons/auth_service_twitter.svg (compressed_size=444 bytes, uncompressed_size=751 bytes)
[debug] [2023-08-14T14:37:22.307Z] [unzip] Processing entry: client/assets/provider-icons/auth_service_twitter.svg
[debug] [2023-08-14T14:37:22.307Z] [unzip] else mkdir: /home/jakubc/.cache/firebase/emulators/ui-v1.11.7/client/assets/provider-icons
[debug] [2023-08-14T14:37:22.307Z] [unzip] deflating: /home/jakubc/.cache/firebase/emulators/ui-v1.11.7/client/assets/provider-icons/auth_service_twitter.svg
[debug] [2023-08-14T14:37:22.307Z] [unzip] Entry: client/assets/provider-icons/auth_service_game_center.svg (compressed_size=991 bytes, uncompressed_size=3921 bytes)
[debug] [2023-08-14T14:37:22.307Z] [unzip] Processing entry: client/assets/provider-icons/auth_service_game_center.svg
[debug] [2023-08-14T14:37:22.307Z] [unzip] else mkdir: /home/jakubc/.cache/firebase/emulators/ui-v1.11.7/client/assets/provider-icons
[debug] [2023-08-14T14:37:22.307Z] [unzip] deflating: /home/jakubc/.cache/firebase/emulators/ui-v1.11.7/client/assets/provider-icons/auth_service_game_center.svg
[debug] [2023-08-14T14:37:22.308Z] [unzip] Entry: client/assets/index.c2583d42.js.map (compressed_size=1778557 bytes, uncompressed_size=7961927 bytes)
[debug] [2023-08-14T14:37:22.308Z] [unzip] Processing entry: client/assets/index.c2583d42.js.map
[debug] [2023-08-14T14:37:22.308Z] [unzip] else mkdir: /home/jakubc/.cache/firebase/emulators/ui-v1.11.7/client/assets
[debug] [2023-08-14T14:37:22.308Z] [unzip] deflating: /home/jakubc/.cache/firebase/emulators/ui-v1.11.7/client/assets/index.c2583d42.js.map
[debug] [2023-08-14T14:37:22.329Z] [unzip] Entry: client/assets/img/ (compressed_size=0 bytes, uncompressed_size=0 bytes)
[debug] [2023-08-14T14:37:22.329Z] [unzip] Processing entry: client/assets/img/
[debug] [2023-08-14T14:37:22.330Z] [unzip] mkdir: /home/jakubc/.cache/firebase/emulators/ui-v1.11.7/client/assets/img/
[debug] [2023-08-14T14:37:22.330Z] [unzip] Entry: client/assets/img/database.png (compressed_size=29449 bytes, uncompressed_size=29988 bytes)
[debug] [2023-08-14T14:37:22.330Z] [unzip] Processing entry: client/assets/img/database.png
[debug] [2023-08-14T14:37:22.330Z] [unzip] else mkdir: /home/jakubc/.cache/firebase/emulators/ui-v1.11.7/client/assets/img
[debug] [2023-08-14T14:37:22.330Z] [unzip] deflating: /home/jakubc/.cache/firebase/emulators/ui-v1.11.7/client/assets/img/database.png
[debug] [2023-08-14T14:37:22.330Z] [unzip] Entry: client/safari-pinned-tab.svg (compressed_size=838 bytes, uncompressed_size=1504 bytes)
[debug] [2023-08-14T14:37:22.330Z] [unzip] Processing entry: client/safari-pinned-tab.svg
[debug] [2023-08-14T14:37:22.330Z] [unzip] else mkdir: /home/jakubc/.cache/firebase/emulators/ui-v1.11.7/client
[debug] [2023-08-14T14:37:22.330Z] [unzip] deflating: /home/jakubc/.cache/firebase/emulators/ui-v1.11.7/client/safari-pinned-tab.svg
[debug] [2023-08-14T14:37:22.330Z] [unzip] Entry: client/mstile-150x150.png (compressed_size=5406 bytes, uncompressed_size=5723 bytes)
[debug] [2023-08-14T14:37:22.330Z] [unzip] Processing entry: client/mstile-150x150.png
[debug] [2023-08-14T14:37:22.331Z] [unzip] else mkdir: /home/jakubc/.cache/firebase/emulators/ui-v1.11.7/client
[debug] [2023-08-14T14:37:22.331Z] [unzip] deflating: /home/jakubc/.cache/firebase/emulators/ui-v1.11.7/client/mstile-150x150.png
[debug] [2023-08-14T14:37:22.331Z] [unzip] Entry: client/browserconfig.xml (compressed_size=491 bytes, uncompressed_size=822 bytes)
[debug] [2023-08-14T14:37:22.331Z] [unzip] Processing entry: client/browserconfig.xml
[debug] [2023-08-14T14:37:22.331Z] [unzip] else mkdir: /home/jakubc/.cache/firebase/emulators/ui-v1.11.7/client
[debug] [2023-08-14T14:37:22.331Z] [unzip] deflating: /home/jakubc/.cache/firebase/emulators/ui-v1.11.7/client/browserconfig.xml
[debug] [2023-08-14T14:37:22.331Z] [unzip] Entry: client/robots.txt (compressed_size=26 bytes, uncompressed_size=26 bytes)
[debug] [2023-08-14T14:37:22.331Z] [unzip] Processing entry: client/robots.txt
[debug] [2023-08-14T14:37:22.331Z] [unzip] else mkdir: /home/jakubc/.cache/firebase/emulators/ui-v1.11.7/client
[debug] [2023-08-14T14:37:22.331Z] [unzip] Writing file: /home/jakubc/.cache/firebase/emulators/ui-v1.11.7/client/robots.txt
[debug] [2023-08-14T14:37:22.332Z] [unzip] Entry: client/index.html (compressed_size=1363 bytes, uncompressed_size=3064 bytes)
[debug] [2023-08-14T14:37:22.332Z] [unzip] Processing entry: client/index.html
[debug] [2023-08-14T14:37:22.332Z] [unzip] else mkdir: /home/jakubc/.cache/firebase/emulators/ui-v1.11.7/client
[debug] [2023-08-14T14:37:22.332Z] [unzip] deflating: /home/jakubc/.cache/firebase/emulators/ui-v1.11.7/client/index.html
[debug] [2023-08-14T14:37:22.332Z] [unzip] Entry: client/favicon-16x16.png (compressed_size=757 bytes, uncompressed_size=777 bytes)
[debug] [2023-08-14T14:37:22.332Z] [unzip] Processing entry: client/favicon-16x16.png
[debug] [2023-08-14T14:37:22.332Z] [unzip] else mkdir: /home/jakubc/.cache/firebase/emulators/ui-v1.11.7/client
[debug] [2023-08-14T14:37:22.332Z] [unzip] deflating: /home/jakubc/.cache/firebase/emulators/ui-v1.11.7/client/favicon-16x16.png
[debug] [2023-08-14T14:37:22.332Z] [unzip] Entry: client/manifest.json (compressed_size=246 bytes, uncompressed_size=551 bytes)
[debug] [2023-08-14T14:37:22.332Z] [unzip] Processing entry: client/manifest.json
[debug] [2023-08-14T14:37:22.332Z] [unzip] else mkdir: /home/jakubc/.cache/firebase/emulators/ui-v1.11.7/client
[debug] [2023-08-14T14:37:22.332Z] [unzip] deflating: /home/jakubc/.cache/firebase/emulators/ui-v1.11.7/client/manifest.json
[debug] [2023-08-14T14:37:22.333Z] [unzip] Entry: client/favicon-32x32.png (compressed_size=1175 bytes, uncompressed_size=1175 bytes)
[debug] [2023-08-14T14:37:22.333Z] [unzip] Processing entry: client/favicon-32x32.png
[debug] [2023-08-14T14:37:22.333Z] [unzip] else mkdir: /home/jakubc/.cache/firebase/emulators/ui-v1.11.7/client
[debug] [2023-08-14T14:37:22.333Z] [unzip] Writing file: /home/jakubc/.cache/firebase/emulators/ui-v1.11.7/client/favicon-32x32.png
[debug] [2023-08-14T14:37:22.333Z] [unzip] Entry: client/android-chrome-192x192.png (compressed_size=7602 bytes, uncompressed_size=7834 bytes)
[debug] [2023-08-14T14:37:22.333Z] [unzip] Processing entry: client/android-chrome-192x192.png
[debug] [2023-08-14T14:37:22.333Z] [unzip] else mkdir: /home/jakubc/.cache/firebase/emulators/ui-v1.11.7/client
[debug] [2023-08-14T14:37:22.333Z] [unzip] deflating: /home/jakubc/.cache/firebase/emulators/ui-v1.11.7/client/android-chrome-192x192.png
[debug] [2023-08-14T14:37:22.333Z] [unzip] Entry: server/ (compressed_size=0 bytes, uncompressed_size=0 bytes)
[debug] [2023-08-14T14:37:22.333Z] [unzip] Processing entry: server/
[debug] [2023-08-14T14:37:22.333Z] [unzip] mkdir: /home/jakubc/.cache/firebase/emulators/ui-v1.11.7/server/
[debug] [2023-08-14T14:37:22.333Z] [unzip] Entry: server/server.js (compressed_size=343746 bytes, uncompressed_size=1346374 bytes)
[debug] [2023-08-14T14:37:22.333Z] [unzip] Processing entry: server/server.js
[debug] [2023-08-14T14:37:22.333Z] [unzip] else mkdir: /home/jakubc/.cache/firebase/emulators/ui-v1.11.7/server
[debug] [2023-08-14T14:37:22.333Z] [unzip] deflating: /home/jakubc/.cache/firebase/emulators/ui-v1.11.7/server/server.js
[debug] [2023-08-14T14:37:22.338Z] [unzip] Entry: server/server.js.map (compressed_size=289157 bytes, uncompressed_size=1325651 bytes)
[debug] [2023-08-14T14:37:22.338Z] [unzip] Processing entry: server/server.js.map
[debug] [2023-08-14T14:37:22.338Z] [unzip] else mkdir: /home/jakubc/.cache/firebase/emulators/ui-v1.11.7/server
[debug] [2023-08-14T14:37:22.338Z] [unzip] deflating: /home/jakubc/.cache/firebase/emulators/ui-v1.11.7/server/server.js.map
[debug] [2023-08-14T14:37:22.342Z] Ignoring unsupported arg: auto_download {"metadata":{"emulator":{"name":"ui"},"message":"Ignoring unsupported arg: auto_download"}}
[debug] [2023-08-14T14:37:22.342Z] Ignoring unsupported arg: port {"metadata":{"emulator":{"name":"ui"},"message":"Ignoring unsupported arg: port"}}
[debug] [2023-08-14T14:37:22.342Z] Starting Emulator UI with command {"binary":"node","args":["/home/jakubc/.cache/firebase/emulators/ui-v1.11.7/server/server.js"],"optionalArgs":[],"joinArgs":false} {"metadata":{"emulator":{"name":"ui"},"message":"Starting Emulator UI with command {\"binary\":\"node\",\"args\":[\"/home/jakubc/.cache/firebase/emulators/ui-v1.11.7/server/server.js\"],\"optionalArgs\":[],\"joinArgs\":false}"}}
[info] i  ui: Emulator UI logging to ui-debug.log {"metadata":{"emulator":{"name":"ui"},"message":"Emulator UI logging to \u001b[1mui-debug.log\u001b[22m"}}
[debug] [2023-08-14T14:37:22.446Z] Web / API server started at 127.0.0.1:4000
 {"metadata":{"emulator":{"name":"ui"},"message":"Web / API server started at 127.0.0.1:4000\n"}}
[debug] [2023-08-14T14:37:22.447Z] Web / API server started at ::1:4000
 {"metadata":{"emulator":{"name":"ui"},"message":"Web / API server started at ::1:4000\n"}}
[info] 
┌─────────────────────────────────────────────────────────────┐
│ ✔  All emulators ready! It is now safe to connect your app. │
│ i  View Emulator UI at http://127.0.0.1:4000/               │
└─────────────────────────────────────────────────────────────┘

┌───────────┬────────────────┬─────────────────────────────────┐
│ Emulator  │ Host:Port      │ View in Emulator UI             │
├───────────┼────────────────┼─────────────────────────────────┤
│ Firestore │ 127.0.0.1:8080 │ http://127.0.0.1:4000/firestore │
└───────────┴────────────────┴─────────────────────────────────┘
  Emulator Hub running at 127.0.0.1:4400
  Other reserved ports: 4500, 9150

Issues? Report them at https://github.com/firebase/firebase-tools/issues and attach the *-debug.log files.
 
[debug] [2023-08-14T14:38:17.261Z] Aug 14, 2023 4:38:17 PM com.google.cloud.datastore.emulator.firestore.websocket.WebSocketChannelHandler initChannel
INFO: Connected to new websocket client
 {"metadata":{"emulator":{"name":"firestore"},"message":"Aug 14, 2023 4:38:17 PM com.google.cloud.datastore.emulator.firestore.websocket.WebSocketChannelHandler initChannel\nINFO: Connected to new websocket client\n"}}
[debug] [2023-08-14T14:38:17.273Z] Aug 14, 2023 4:38:17 PM io.gapi.emulators.netty.HttpVersionRoutingHandler channelRead
INFO: Detected non-HTTP/2 connection.
 {"metadata":{"emulator":{"name":"firestore"},"message":"Aug 14, 2023 4:38:17 PM io.gapi.emulators.netty.HttpVersionRoutingHandler channelRead\nINFO: Detected non-HTTP/2 connection.\n"}}
[debug] [2023-08-14T14:38:17.331Z] Aug 14, 2023 4:38:17 PM io.gapi.emulators.netty.HttpVersionRoutingHandler channelRead
INFO: Detected HTTP/2 connection.
 {"metadata":{"emulator":{"name":"firestore"},"message":"Aug 14, 2023 4:38:17 PM io.gapi.emulators.netty.HttpVersionRoutingHandler channelRead\nINFO: Detected HTTP/2 connection.\n"}}
[debug] [2023-08-14T14:38:24.957Z] Aug 14, 2023 4:38:24 PM com.google.cloud.datastore.emulator.firestore.websocket.WebSocketChannelHandler channelClosed
INFO: Websocket client disconnected
 {"metadata":{"emulator":{"name":"firestore"},"message":"Aug 14, 2023 4:38:24 PM com.google.cloud.datastore.emulator.firestore.websocket.WebSocketChannelHandler channelClosed\nINFO: Websocket client disconnected\n"}}
[debug] [2023-08-14T14:41:23.347Z] Aug 14, 2023 4:41:23 PM io.gapi.emulators.netty.HttpVersionRoutingHandler channelRead
INFO: Detected non-HTTP/2 connection.
 {"metadata":{"emulator":{"name":"firestore"},"message":"Aug 14, 2023 4:41:23 PM io.gapi.emulators.netty.HttpVersionRoutingHandler channelRead\nINFO: Detected non-HTTP/2 connection.\n"}}
[debug] [2023-08-14T14:41:23.365Z] Aug 14, 2023 4:41:23 PM io.gapi.emulators.netty.NotFoundHandler handleRequest
INFO: Unknown request URI: /favicon.ico
 {"metadata":{"emulator":{"name":"firestore"},"message":"Aug 14, 2023 4:41:23 PM io.gapi.emulators.netty.NotFoundHandler handleRequest\nINFO: Unknown request URI: /favicon.ico\n"}}
[debug] [2023-08-14T14:41:32.849Z] Aug 14, 2023 4:41:32 PM com.google.cloud.datastore.emulator.firestore.websocket.WebSocketChannelHandler initChannel
INFO: Connected to new websocket client
 {"metadata":{"emulator":{"name":"firestore"},"message":"Aug 14, 2023 4:41:32 PM com.google.cloud.datastore.emulator.firestore.websocket.WebSocketChannelHandler initChannel\nINFO: Connected to new websocket client\n"}}
[debug] [2023-08-14T14:41:32.851Z] Aug 14, 2023 4:41:32 PM io.gapi.emulators.netty.HttpVersionRoutingHandler channelRead
INFO: Detected non-HTTP/2 connection.
 {"metadata":{"emulator":{"name":"firestore"},"message":"Aug 14, 2023 4:41:32 PM io.gapi.emulators.netty.HttpVersionRoutingHandler channelRead\nINFO: Detected non-HTTP/2 connection.\n"}}
[debug] [2023-08-14T14:41:39.225Z] Aug 14, 2023 4:41:39 PM io.gapi.emulators.netty.HttpVersionRoutingHandler channelRead
INFO: Detected non-HTTP/2 connection.
 {"metadata":{"emulator":{"name":"firestore"},"message":"Aug 14, 2023 4:41:39 PM io.gapi.emulators.netty.HttpVersionRoutingHandler channelRead\nINFO: Detected non-HTTP/2 connection.\n"}}
[debug] [2023-08-14T14:41:39.287Z] Aug 14, 2023 4:41:39 PM io.gapi.emulators.netty.HttpVersionRoutingHandler channelRead
INFO: Detected non-HTTP/2 connection.
 {"metadata":{"emulator":{"name":"firestore"},"message":"Aug 14, 2023 4:41:39 PM io.gapi.emulators.netty.HttpVersionRoutingHandler channelRead\nINFO: Detected non-HTTP/2 connection.\n"}}
[debug] [2023-08-14T14:41:39.300Z] Aug 14, 2023 4:41:39 PM io.gapi.emulators.netty.HttpVersionRoutingHandler channelRead
INFO: Detected non-HTTP/2 connection.
 {"metadata":{"emulator":{"name":"firestore"},"message":"Aug 14, 2023 4:41:39 PM io.gapi.emulators.netty.HttpVersionRoutingHandler channelRead\nINFO: Detected non-HTTP/2 connection.\n"}}
[debug] [2023-08-14T14:41:39.368Z] Aug 14, 2023 4:41:39 PM io.gapi.emulators.netty.HttpVersionRoutingHandler channelRead
INFO: Detected non-HTTP/2 connection.
 {"metadata":{"emulator":{"name":"firestore"},"message":"Aug 14, 2023 4:41:39 PM io.gapi.emulators.netty.HttpVersionRoutingHandler channelRead\nINFO: Detected non-HTTP/2 connection.\n"}}
[debug] [2023-08-14T14:41:39.414Z] Aug 14, 2023 4:41:39 PM io.gapi.emulators.netty.HttpVersionRoutingHandler channelRead
INFO: Detected non-HTTP/2 connection.
 {"metadata":{"emulator":{"name":"firestore"},"message":"Aug 14, 2023 4:41:39 PM io.gapi.emulators.netty.HttpVersionRoutingHandler channelRead\nINFO: Detected non-HTTP/2 connection.\n"}}
[debug] [2023-08-14T14:41:39.453Z] Aug 14, 2023 4:41:39 PM io.gapi.emulators.netty.HttpVersionRoutingHandler channelRead
INFO: Detected non-HTTP/2 connection.
 {"metadata":{"emulator":{"name":"firestore"},"message":"Aug 14, 2023 4:41:39 PM io.gapi.emulators.netty.HttpVersionRoutingHandler channelRead\nINFO: Detected non-HTTP/2 connection.\n"}}
[debug] [2023-08-14T14:41:59.472Z] Aug 14, 2023 4:41:59 PM io.gapi.emulators.netty.HttpVersionRoutingHandler channelRead
INFO: Detected non-HTTP/2 connection.
 {"metadata":{"emulator":{"name":"firestore"},"message":"Aug 14, 2023 4:41:59 PM io.gapi.emulators.netty.HttpVersionRoutingHandler channelRead\nINFO: Detected non-HTTP/2 connection.\n"}}
[debug] [2023-08-14T14:42:13.340Z] Aug 14, 2023 4:42:13 PM io.gapi.emulators.netty.HttpVersionRoutingHandler channelRead
INFO: Detected non-HTTP/2 connection.
 {"metadata":{"emulator":{"name":"firestore"},"message":"Aug 14, 2023 4:42:13 PM io.gapi.emulators.netty.HttpVersionRoutingHandler channelRead\nINFO: Detected non-HTTP/2 connection.\n"}}
[debug] [2023-08-14T14:42:13.368Z] Aug 14, 2023 4:42:13 PM io.gapi.emulators.netty.HttpVersionRoutingHandler channelRead
INFO: Detected non-HTTP/2 connection.
 {"metadata":{"emulator":{"name":"firestore"},"message":"Aug 14, 2023 4:42:13 PM io.gapi.emulators.netty.HttpVersionRoutingHandler channelRead\nINFO: Detected non-HTTP/2 connection.\n"}}
[debug] [2023-08-14T14:42:21.348Z] Aug 14, 2023 4:42:21 PM io.gapi.emulators.netty.HttpVersionRoutingHandler channelRead
INFO: Detected non-HTTP/2 connection.
 {"metadata":{"emulator":{"name":"firestore"},"message":"Aug 14, 2023 4:42:21 PM io.gapi.emulators.netty.HttpVersionRoutingHandler channelRead\nINFO: Detected non-HTTP/2 connection.\n"}}
[debug] [2023-08-14T14:42:23.800Z] Aug 14, 2023 4:42:23 PM io.gapi.emulators.netty.HttpVersionRoutingHandler channelRead
INFO: Detected non-HTTP/2 connection.
 {"metadata":{"emulator":{"name":"firestore"},"message":"Aug 14, 2023 4:42:23 PM io.gapi.emulators.netty.HttpVersionRoutingHandler channelRead\nINFO: Detected non-HTTP/2 connection.\n"}}
[debug] [2023-08-14T14:42:23.800Z] Aug 14, 2023 4:42:23 PM io.gapi.emulators.netty.HttpVersionRoutingHandler channelRead
INFO: Detected non-HTTP/2 connection.
 {"metadata":{"emulator":{"name":"firestore"},"message":"Aug 14, 2023 4:42:23 PM io.gapi.emulators.netty.HttpVersionRoutingHandler channelRead\nINFO: Detected non-HTTP/2 connection.\n"}}
[debug] [2023-08-14T14:42:23.803Z] Aug 14, 2023 4:42:23 PM com.google.cloud.datastore.emulator.firestore.webchannel.FirestoreV1WebChannelAdapter$FirestoreWriteHandler onClose
INFO: channel closed
 {"metadata":{"emulator":{"name":"firestore"},"message":"Aug 14, 2023 4:42:23 PM com.google.cloud.datastore.emulator.firestore.webchannel.FirestoreV1WebChannelAdapter$FirestoreWriteHandler onClose\nINFO: channel closed\n"}}
[debug] [2023-08-14T14:42:23.803Z] Aug 14, 2023 4:42:23 PM com.google.cloud.datastore.emulator.firestore.webchannel.FirestoreV1WebChannelAdapter$FirestoreListenHandler onClose
INFO: channel closed
 {"metadata":{"emulator":{"name":"firestore"},"message":"Aug 14, 2023 4:42:23 PM com.google.cloud.datastore.emulator.firestore.webchannel.FirestoreV1WebChannelAdapter$FirestoreListenHandler onClose\nINFO: channel closed\n"}}
[debug] [2023-08-14T14:42:27.087Z] Aug 14, 2023 4:42:27 PM io.gapi.emulators.netty.HttpVersionRoutingHandler channelRead
INFO: Detected non-HTTP/2 connection.
 {"metadata":{"emulator":{"name":"firestore"},"message":"Aug 14, 2023 4:42:27 PM io.gapi.emulators.netty.HttpVersionRoutingHandler channelRead\nINFO: Detected non-HTTP/2 connection.\n"}}
[debug] [2023-08-14T14:42:27.094Z] Aug 14, 2023 4:42:27 PM io.gapi.emulators.netty.HttpVersionRoutingHandler channelRead
INFO: Detected non-HTTP/2 connection.
 {"metadata":{"emulator":{"name":"firestore"},"message":"Aug 14, 2023 4:42:27 PM io.gapi.emulators.netty.HttpVersionRoutingHandler channelRead\nINFO: Detected non-HTTP/2 connection.\n"}}
[debug] [2023-08-14T14:42:27.112Z] Aug 14, 2023 4:42:27 PM io.gapi.emulators.netty.HttpVersionRoutingHandler channelRead
INFO: Detected non-HTTP/2 connection.
 {"metadata":{"emulator":{"name":"firestore"},"message":"Aug 14, 2023 4:42:27 PM io.gapi.emulators.netty.HttpVersionRoutingHandler channelRead\nINFO: Detected non-HTTP/2 connection.\n"}}
[debug] [2023-08-14T14:42:37.587Z] Aug 14, 2023 4:42:37 PM io.gapi.emulators.netty.HttpVersionRoutingHandler channelRead
INFO: Detected non-HTTP/2 connection.
 {"metadata":{"emulator":{"name":"firestore"},"message":"Aug 14, 2023 4:42:37 PM io.gapi.emulators.netty.HttpVersionRoutingHandler channelRead\nINFO: Detected non-HTTP/2 connection.\n"}}
[debug] [2023-08-14T14:43:16.077Z] Aug 14, 2023 4:43:16 PM io.gapi.emulators.netty.HttpVersionRoutingHandler channelRead
INFO: Detected non-HTTP/2 connection.
 {"metadata":{"emulator":{"name":"firestore"},"message":"Aug 14, 2023 4:43:16 PM io.gapi.emulators.netty.HttpVersionRoutingHandler channelRead\nINFO: Detected non-HTTP/2 connection.\n"}}
[debug] [2023-08-14T14:44:16.100Z] Aug 14, 2023 4:44:16 PM io.gapi.emulators.netty.HttpVersionRoutingHandler channelRead
INFO: Detected non-HTTP/2 connection.
 {"metadata":{"emulator":{"name":"firestore"},"message":"Aug 14, 2023 4:44:16 PM io.gapi.emulators.netty.HttpVersionRoutingHandler channelRead\nINFO: Detected non-HTTP/2 connection.\n"}}
[debug] [2023-08-14T14:44:59.863Z] Aug 14, 2023 4:44:59 PM io.gapi.emulators.netty.HttpVersionRoutingHandler channelRead
INFO: Detected non-HTTP/2 connection.
 {"metadata":{"emulator":{"name":"firestore"},"message":"Aug 14, 2023 4:44:59 PM io.gapi.emulators.netty.HttpVersionRoutingHandler channelRead\nINFO: Detected non-HTTP/2 connection.\n"}}
[debug] [2023-08-14T14:45:01.983Z] Aug 14, 2023 4:45:01 PM com.google.cloud.datastore.emulator.firestore.websocket.WebSocketChannelHandler channelClosed
INFO: Websocket client disconnected
 {"metadata":{"emulator":{"name":"firestore"},"message":"Aug 14, 2023 4:45:01 PM com.google.cloud.datastore.emulator.firestore.websocket.WebSocketChannelHandler channelClosed\nINFO: Websocket client disconnected\n"}}
[debug] [2023-08-14T14:45:01.991Z] Aug 14, 2023 4:45:01 PM io.gapi.emulators.netty.HttpVersionRoutingHandler channelRead
INFO: Detected non-HTTP/2 connection.
 {"metadata":{"emulator":{"name":"firestore"},"message":"Aug 14, 2023 4:45:01 PM io.gapi.emulators.netty.HttpVersionRoutingHandler channelRead\nINFO: Detected non-HTTP/2 connection.\n"}}
[debug] [2023-08-14T14:45:02.115Z] Aug 14, 2023 4:45:02 PM com.google.cloud.datastore.emulator.firestore.websocket.WebSocketChannelHandler initChannel
INFO: Connected to new websocket client
 {"metadata":{"emulator":{"name":"firestore"},"message":"Aug 14, 2023 4:45:02 PM com.google.cloud.datastore.emulator.firestore.websocket.WebSocketChannelHandler initChannel\nINFO: Connected to new websocket client\n"}}
[debug] [2023-08-14T14:45:02.123Z] Aug 14, 2023 4:45:02 PM io.gapi.emulators.netty.HttpVersionRoutingHandler channelRead
INFO: Detected non-HTTP/2 connection.
 {"metadata":{"emulator":{"name":"firestore"},"message":"Aug 14, 2023 4:45:02 PM io.gapi.emulators.netty.HttpVersionRoutingHandler channelRead\nINFO: Detected non-HTTP/2 connection.\n"}}
[debug] [2023-08-14T14:45:02.131Z] Aug 14, 2023 4:45:02 PM io.gapi.emulators.netty.HttpVersionRoutingHandler channelRead
INFO: Detected non-HTTP/2 connection.
 {"metadata":{"emulator":{"name":"firestore"},"message":"Aug 14, 2023 4:45:02 PM io.gapi.emulators.netty.HttpVersionRoutingHandler channelRead\nINFO: Detected non-HTTP/2 connection.\n"}}
[debug] [2023-08-14T14:45:02.150Z] Aug 14, 2023 4:45:02 PM io.gapi.emulators.netty.HttpVersionRoutingHandler channelRead
INFO: Detected non-HTTP/2 connection.
 {"metadata":{"emulator":{"name":"firestore"},"message":"Aug 14, 2023 4:45:02 PM io.gapi.emulators.netty.HttpVersionRoutingHandler channelRead\nINFO: Detected non-HTTP/2 connection.\n"}}
[debug] [2023-08-14T14:46:02.170Z] Aug 14, 2023 4:46:02 PM io.gapi.emulators.netty.HttpVersionRoutingHandler channelRead
INFO: Detected non-HTTP/2 connection.
 {"metadata":{"emulator":{"name":"firestore"},"message":"Aug 14, 2023 4:46:02 PM io.gapi.emulators.netty.HttpVersionRoutingHandler channelRead\nINFO: Detected non-HTTP/2 connection.\n"}}
[debug] [2023-08-14T14:46:22.871Z] Aug 14, 2023 4:46:22 PM com.google.cloud.datastore.emulator.firestore.websocket.WebSocketChannelHandler channelClosed
INFO: Websocket client disconnected
 {"metadata":{"emulator":{"name":"firestore"},"message":"Aug 14, 2023 4:46:22 PM com.google.cloud.datastore.emulator.firestore.websocket.WebSocketChannelHandler channelClosed\nINFO: Websocket client disconnected\n"}}
[debug] [2023-08-14T14:46:32.203Z] Aug 14, 2023 4:46:32 PM com.google.cloud.datastore.emulator.firestore.websocket.WebSocketChannelHandler initChannel
INFO: Connected to new websocket client
 {"metadata":{"emulator":{"name":"firestore"},"message":"Aug 14, 2023 4:46:32 PM com.google.cloud.datastore.emulator.firestore.websocket.WebSocketChannelHandler initChannel\nINFO: Connected to new websocket client\n"}}
[debug] [2023-08-14T14:49:06.810Z] Aug 14, 2023 4:49:06 PM io.gapi.emulators.netty.HttpVersionRoutingHandler channelRead
INFO: Detected HTTP/2 connection.
 {"metadata":{"emulator":{"name":"firestore"},"message":"Aug 14, 2023 4:49:06 PM io.gapi.emulators.netty.HttpVersionRoutingHandler channelRead\nINFO: Detected HTTP/2 connection.\n"}}
[debug] [2023-08-14T14:49:10.817Z] Aug 14, 2023 4:49:10 PM io.gapi.emulators.netty.HttpVersionRoutingHandler channelRead
INFO: Detected non-HTTP/2 connection.
 {"metadata":{"emulator":{"name":"firestore"},"message":"Aug 14, 2023 4:49:10 PM io.gapi.emulators.netty.HttpVersionRoutingHandler channelRead\nINFO: Detected non-HTTP/2 connection.\n"}}
[debug] [2023-08-14T14:49:10.844Z] Aug 14, 2023 4:49:10 PM io.gapi.emulators.netty.HttpVersionRoutingHandler channelRead
INFO: Detected non-HTTP/2 connection.
 {"metadata":{"emulator":{"name":"firestore"},"message":"Aug 14, 2023 4:49:10 PM io.gapi.emulators.netty.HttpVersionRoutingHandler channelRead\nINFO: Detected non-HTTP/2 connection.\n"}}
[debug] [2023-08-14T14:49:10.854Z] Aug 14, 2023 4:49:10 PM io.gapi.emulators.netty.HttpVersionRoutingHandler channelRead
INFO: Detected non-HTTP/2 connection.
 {"metadata":{"emulator":{"name":"firestore"},"message":"Aug 14, 2023 4:49:10 PM io.gapi.emulators.netty.HttpVersionRoutingHandler channelRead\nINFO: Detected non-HTTP/2 connection.\n"}}
[debug] [2023-08-14T14:49:10.882Z] Aug 14, 2023 4:49:10 PM io.gapi.emulators.netty.HttpVersionRoutingHandler channelRead
INFO: Detected non-HTTP/2 connection.
 {"metadata":{"emulator":{"name":"firestore"},"message":"Aug 14, 2023 4:49:10 PM io.gapi.emulators.netty.HttpVersionRoutingHandler channelRead\nINFO: Detected non-HTTP/2 connection.\n"}}
[debug] [2023-08-14T14:49:11.960Z] Aug 14, 2023 4:49:11 PM io.gapi.emulators.netty.HttpVersionRoutingHandler channelRead
INFO: Detected non-HTTP/2 connection.
 {"metadata":{"emulator":{"name":"firestore"},"message":"Aug 14, 2023 4:49:11 PM io.gapi.emulators.netty.HttpVersionRoutingHandler channelRead\nINFO: Detected non-HTTP/2 connection.\n"}}
[debug] [2023-08-14T14:49:11.990Z] Aug 14, 2023 4:49:11 PM io.gapi.emulators.netty.HttpVersionRoutingHandler channelRead
INFO: Detected non-HTTP/2 connection.
 {"metadata":{"emulator":{"name":"firestore"},"message":"Aug 14, 2023 4:49:11 PM io.gapi.emulators.netty.HttpVersionRoutingHandler channelRead\nINFO: Detected non-HTTP/2 connection.\n"}}
[debug] [2023-08-14T14:49:12.926Z] Aug 14, 2023 4:49:12 PM io.gapi.emulators.netty.HttpVersionRoutingHandler channelRead
INFO: Detected non-HTTP/2 connection.
 {"metadata":{"emulator":{"name":"firestore"},"message":"Aug 14, 2023 4:49:12 PM io.gapi.emulators.netty.HttpVersionRoutingHandler channelRead\nINFO: Detected non-HTTP/2 connection.\n"}}
[debug] [2023-08-14T14:49:16.686Z] Aug 14, 2023 4:49:16 PM io.netty.channel.DefaultChannelPipeline onUnhandledInboundException
WARNING: An exceptionCaught() event was fired, and it reached at the tail of the pipeline. It usually means the last handler in the pipeline did not handle the exception.
java.net.SocketException: Connection reset
	at java.base/sun.nio.ch.SocketChannelImpl.throwConnectionReset(SocketChannelImpl.java:401)
	at java.base/sun.nio.ch.SocketChannelImpl.read(SocketChannelImpl.java:434)
	at io.netty.buffer.PooledByteBuf.setBytes(PooledByteBuf.java:259)
	at io.netty.buffer.AbstractByteBuf.writeBytes(AbstractByteBuf.java:1132)
	at io.netty.channel.socket.nio.NioSocketChannel.doReadBytes(NioSocketChannel.java:357)
	at io.netty.channel.nio.AbstractNioByteChannel$NioByteUnsafe.read(AbstractNioByteChannel.java:151)
	at io.netty.channel.nio.NioEventLoop.processSelectedKey(NioEventLoop.java:788)
	at io.netty.channel.nio.NioEventLoop.processSelectedKeysOptimized(NioEventLoop.java:724)
	at io.netty.channel.nio.NioEventLoop.processSelectedKeys(NioEventLoop.java:650)
	at io.netty.channel.nio.NioEventLoop.run(NioEventLoop.java:562)
	at io.netty.util.concurrent.SingleThreadEventExecutor$4.run(SingleThreadEventExecutor.java:997)
	at io.netty.util.internal.ThreadExecutorMap$2.run(ThreadExecutorMap.java:74)
	at io.netty.util.concurrent.FastThreadLocalRunnable.run(FastThreadLocalRunnable.java:30)
	at java.base/java.lang.Thread.run(Thread.java:1623)

 {"metadata":{"emulator":{"name":"firestore"},"message":"Aug 14, 2023 4:49:16 PM io.netty.channel.DefaultChannelPipeline onUnhandledInboundException\nWARNING: An exceptionCaught() event was fired, and it reached at the tail of the pipeline. It usually means the last handler in the pipeline did not handle the exception.\njava.net.SocketException: Connection reset\n\tat java.base/sun.nio.ch.SocketChannelImpl.throwConnectionReset(SocketChannelImpl.java:401)\n\tat java.base/sun.nio.ch.SocketChannelImpl.read(SocketChannelImpl.java:434)\n\tat io.netty.buffer.PooledByteBuf.setBytes(PooledByteBuf.java:259)\n\tat io.netty.buffer.AbstractByteBuf.writeBytes(AbstractByteBuf.java:1132)\n\tat io.netty.channel.socket.nio.NioSocketChannel.doReadBytes(NioSocketChannel.java:357)\n\tat io.netty.channel.nio.AbstractNioByteChannel$NioByteUnsafe.read(AbstractNioByteChannel.java:151)\n\tat io.netty.channel.nio.NioEventLoop.processSelectedKey(NioEventLoop.java:788)\n\tat io.netty.channel.nio.NioEventLoop.processSelectedKeysOptimized(NioEventLoop.java:724)\n\tat io.netty.channel.nio.NioEventLoop.processSelectedKeys(NioEventLoop.java:650)\n\tat io.netty.channel.nio.NioEventLoop.run(NioEventLoop.java:562)\n\tat io.netty.util.concurrent.SingleThreadEventExecutor$4.run(SingleThreadEventExecutor.java:997)\n\tat io.netty.util.internal.ThreadExecutorMap$2.run(ThreadExecutorMap.java:74)\n\tat io.netty.util.concurrent.FastThreadLocalRunnable.run(FastThreadLocalRunnable.java:30)\n\tat java.base/java.lang.Thread.run(Thread.java:1623)\n\n"}}
[debug] [2023-08-14T14:49:26.687Z] Aug 14, 2023 4:49:26 PM io.gapi.emulators.netty.HttpVersionRoutingHandler channelRead
INFO: Detected non-HTTP/2 connection.
 {"metadata":{"emulator":{"name":"firestore"},"message":"Aug 14, 2023 4:49:26 PM io.gapi.emulators.netty.HttpVersionRoutingHandler channelRead\nINFO: Detected non-HTTP/2 connection.\n"}}
[debug] [2023-08-14T14:49:26.688Z] Aug 14, 2023 4:49:26 PM io.gapi.emulators.netty.HttpVersionRoutingHandler channelRead
INFO: Detected non-HTTP/2 connection.
 {"metadata":{"emulator":{"name":"firestore"},"message":"Aug 14, 2023 4:49:26 PM io.gapi.emulators.netty.HttpVersionRoutingHandler channelRead\nINFO: Detected non-HTTP/2 connection.\n"}}
[debug] [2023-08-14T14:49:31.225Z] Aug 14, 2023 4:49:31 PM io.gapi.emulators.netty.HttpVersionRoutingHandler channelRead
INFO: Detected non-HTTP/2 connection.
 {"metadata":{"emulator":{"name":"firestore"},"message":"Aug 14, 2023 4:49:31 PM io.gapi.emulators.netty.HttpVersionRoutingHandler channelRead\nINFO: Detected non-HTTP/2 connection.\n"}}
[debug] [2023-08-14T14:49:31.227Z] Aug 14, 2023 4:49:31 PM com.google.cloud.datastore.emulator.firestore.webchannel.FirestoreV1WebChannelAdapter$FirestoreListenHandler onClose
INFO: channel closed
 {"metadata":{"emulator":{"name":"firestore"},"message":"Aug 14, 2023 4:49:31 PM com.google.cloud.datastore.emulator.firestore.webchannel.FirestoreV1WebChannelAdapter$FirestoreListenHandler onClose\nINFO: channel closed\n"}}
[debug] [2023-08-14T16:49:47.680Z] Aug 14, 2023 6:49:47 PM com.google.cloud.datastore.emulator.firestore.websocket.WebSocketChannelHandler channelClosed
INFO: Websocket client disconnected
 {"metadata":{"emulator":{"name":"firestore"},"message":"Aug 14, 2023 6:49:47 PM com.google.cloud.datastore.emulator.firestore.websocket.WebSocketChannelHandler channelClosed\nINFO: Websocket client disconnected\n"}}
[debug] [2023-08-14T17:00:39.619Z] Received signal SIGHUP 1
[info]  
[info] i  emulators: Received SIGHUP for the first time. Starting a clean shutdown. 
[info] i  emulators: Please wait for a clean shutdown or send the SIGHUP signal again to stop right now. 
[info] i  emulators: Shutting down emulators. {"metadata":{"emulator":{"name":"hub"},"message":"Shutting down emulators."}}
[info] i  ui: Stopping Emulator UI {"metadata":{"emulator":{"name":"ui"},"message":"Stopping Emulator UI"}}
[debug] [2023-08-14T17:00:39.620Z] Ignoring signal SIGHUP due to short delay of 1ms
[warn] ⚠  Emulator UI has exited upon receiving signal: SIGINT 
[info] i  firestore: Stopping Firestore Emulator {"metadata":{"emulator":{"name":"firestore"},"message":"Stopping Firestore Emulator"}}
[debug] [2023-08-14T17:00:39.633Z] *** shutting down gRPC server since JVM is shutting down
 {"metadata":{"emulator":{"name":"firestore"},"message":"*** shutting down gRPC server since JVM is shutting down\n"}}
[debug] [2023-08-14T17:00:39.635Z] *** server shut down
 {"metadata":{"emulator":{"name":"firestore"},"message":"*** server shut down\n"}}
[debug] [2023-08-14T17:00:39.635Z] 2308 {"metadata":{"emulator":{"name":"firestore"},"message":"2308"}}
[info] i  hub: Stopping emulator hub {"metadata":{"emulator":{"name":"hub"},"message":"Stopping emulator hub"}}
[debug] [2023-08-14T17:00:39.957Z] Error: write EIO
    at afterWriteDispatched (node:internal/stream_base_commons:160:15)
    at writeGeneric (node:internal/stream_base_commons:151:3)
    at WriteStream.Socket._writeGeneric (node:net:817:11)
    at WriteStream.Socket._write (node:net:829:8)
    at writeOrBuffer (node:internal/streams/writable:389:12)
    at _write (node:internal/streams/writable:330:10)
    at WriteStream.Writable.write (node:internal/streams/writable:334:10)
    at Console.log (/home/jakubc/.cache/firebase/tools/lib/node_modules/winston/lib/winston/transports/console.js:79:23)
    at Console._write (/home/jakubc/.cache/firebase/tools/lib/node_modules/winston-transport/index.js:103:17)
    at doWrite (/home/jakubc/.cache/firebase/tools/lib/node_modules/readable-stream/lib/_stream_writable.js:390:139)
[error] 
[error] Error: An unexpected error has occurred.
[debug] [2023-08-14T17:00:39.958Z] Error: write EIO
    at afterWriteDispatched (node:internal/stream_base_commons:160:15)
    at writeGeneric (node:internal/stream_base_commons:151:3)
    at WriteStream.Socket._writeGeneric (node:net:817:11)
    at WriteStream.Socket._write (node:net:829:8)
    at writeOrBuffer (node:internal/streams/writable:389:12)
    at _write (node:internal/streams/writable:330:10)
    at WriteStream.Writable.write (node:internal/streams/writable:334:10)
    at Console.log (/home/jakubc/.cache/firebase/tools/lib/node_modules/winston/lib/winston/transports/console.js:79:23)
    at Console._write (/home/jakubc/.cache/firebase/tools/lib/node_modules/winston-transport/index.js:103:17)
    at doWrite (/home/jakubc/.cache/firebase/tools/lib/node_modules/readable-stream/lib/_stream_writable.js:390:139)
[error] 
[error] Error: An unexpected error has occurred.
[debug] [2023-08-14T17:00:39.958Z] Error: write EIO
    at afterWriteDispatched (node:internal/stream_base_commons:160:15)
    at writeGeneric (node:internal/stream_base_commons:151:3)
    at WriteStream.Socket._writeGeneric (node:net:817:11)
    at WriteStream.Socket._write (node:net:829:8)
    at writeOrBuffer (node:internal/streams/writable:389:12)
    at _write (node:internal/streams/writable:330:10)
    at WriteStream.Writable.write (node:internal/streams/writable:334:10)
    at Console.log (/home/jakubc/.cache/firebase/tools/lib/node_modules/winston/lib/winston/transports/console.js:79:23)
    at Console._write (/home/jakubc/.cache/firebase/tools/lib/node_modules/winston-transport/index.js:103:17)
    at doWrite (/home/jakubc/.cache/firebase/tools/lib/node_modules/readable-stream/lib/_stream_writable.js:390:139)
[error] 
[error] Error: An unexpected error has occurred.
[debug] [2023-08-14T17:00:39.959Z] Error: write EIO
    at afterWriteDispatched (node:internal/stream_base_commons:160:15)
    at writeGeneric (node:internal/stream_base_commons:151:3)
    at WriteStream.Socket._writeGeneric (node:net:817:11)
    at WriteStream.Socket._write (node:net:829:8)
    at writeOrBuffer (node:internal/streams/writable:389:12)
    at _write (node:internal/streams/writable:330:10)
    at WriteStream.Writable.write (node:internal/streams/writable:334:10)
    at Console.log (/home/jakubc/.cache/firebase/tools/lib/node_modules/winston/lib/winston/transports/console.js:79:23)
    at Console._write (/home/jakubc/.cache/firebase/tools/lib/node_modules/winston-transport/index.js:103:17)
    at doWrite (/home/jakubc/.cache/firebase/tools/lib/node_modules/readable-stream/lib/_stream_writable.js:390:139)
[error] 
[error] Error: An unexpected error has occurred.
[debug] [2023-08-14T17:00:39.959Z] Error: write EIO
    at afterWriteDispatched (node:internal/stream_base_commons:160:15)
    at writeGeneric (node:internal/stream_base_commons:151:3)
    at WriteStream.Socket._writeGeneric (node:net:817:11)
    at WriteStream.Socket._write (node:net:829:8)
    at writeOrBuffer (node:internal/streams/writable:389:12)
    at _write (node:internal/streams/writable:330:10)
    at WriteStream.Writable.write (node:internal/streams/writable:334:10)
    at Console.log (/home/jakubc/.cache/firebase/tools/lib/node_modules/winston/lib/winston/transports/console.js:79:23)
    at Console._write (/home/jakubc/.cache/firebase/tools/lib/node_modules/winston-transport/index.js:103:17)
    at doWrite (/home/jakubc/.cache/firebase/tools/lib/node_modules/readable-stream/lib/_stream_writable.js:390:139)
[error] 
[error] Error: An unexpected error has occurred.
[debug] [2023-08-14T17:00:39.960Z] Error: write EIO
    at afterWriteDispatched (node:internal/stream_base_commons:160:15)
    at writeGeneric (node:internal/stream_base_commons:151:3)
    at WriteStream.Socket._writeGeneric (node:net:817:11)
    at WriteStream.Socket._write (node:net:829:8)
    at writeOrBuffer (node:internal/streams/writable:389:12)
    at _write (node:internal/streams/writable:330:10)
    at WriteStream.Writable.write (node:internal/streams/writable:334:10)
    at Console.log (/home/jakubc/.cache/firebase/tools/lib/node_modules/winston/lib/winston/transports/console.js:79:23)
    at Console._write (/home/jakubc/.cache/firebase/tools/lib/node_modules/winston-transport/index.js:103:17)
    at doWrite (/home/jakubc/.cache/firebase/tools/lib/node_modules/readable-stream/lib/_stream_writable.js:390:139)
[error] 
[error] Error: An unexpected error has occurred.
[debug] [2023-08-14T17:00:39.960Z] Error: write EIO
    at afterWriteDispatched (node:internal/stream_base_commons:160:15)
    at writeGeneric (node:internal/stream_base_commons:151:3)
    at WriteStream.Socket._writeGeneric (node:net:817:11)
    at WriteStream.Socket._write (node:net:829:8)
    at writeOrBuffer (node:internal/streams/writable:389:12)
    at _write (node:internal/streams/writable:330:10)
    at WriteStream.Writable.write (node:internal/streams/writable:334:10)
    at Console.log (/home/jakubc/.cache/firebase/tools/lib/node_modules/winston/lib/winston/transports/console.js:79:23)
    at Console._write (/home/jakubc/.cache/firebase/tools/lib/node_modules/winston-transport/index.js:103:17)
    at doWrite (/home/jakubc/.cache/firebase/tools/lib/node_modules/readable-stream/lib/_stream_writable.js:390:139)
[error] 
[error] Error: An unexpected error has occurred.
[debug] [2023-08-14T17:00:39.961Z] Error: write EIO
    at afterWriteDispatched (node:internal/stream_base_commons:160:15)
    at writeGeneric (node:internal/stream_base_commons:151:3)
    at WriteStream.Socket._writeGeneric (node:net:817:11)
    at WriteStream.Socket._write (node:net:829:8)
    at writeOrBuffer (node:internal/streams/writable:389:12)
    at _write (node:internal/streams/writable:330:10)
    at WriteStream.Writable.write (node:internal/streams/writable:334:10)
    at Console.log (/home/jakubc/.cache/firebase/tools/lib/node_modules/winston/lib/winston/transports/console.js:79:23)
    at Console._write (/home/jakubc/.cache/firebase/tools/lib/node_modules/winston-transport/index.js:103:17)
    at doWrite (/home/jakubc/.cache/firebase/tools/lib/node_modules/readable-stream/lib/_stream_writable.js:390:139)
[error] 
[error] Error: An unexpected error has occurred.
[debug] [2023-08-14T17:00:39.961Z] Error: write EIO
    at afterWriteDispatched (node:internal/stream_base_commons:160:15)
    at writeGeneric (node:internal/stream_base_commons:151:3)
    at WriteStream.Socket._writeGeneric (node:net:817:11)
    at WriteStream.Socket._write (node:net:829:8)
    at writeOrBuffer (node:internal/streams/writable:389:12)
    at _write (node:internal/streams/writable:330:10)
    at WriteStream.Writable.write (node:internal/streams/writable:334:10)
    at Console.log (/home/jakubc/.cache/firebase/tools/lib/node_modules/winston/lib/winston/transports/console.js:79:23)
    at Console._write (/home/jakubc/.cache/firebase/tools/lib/node_modules/winston-transport/index.js:103:17)
    at doWrite (/home/jakubc/.cache/firebase/tools/lib/node_modules/readable-stream/lib/_stream_writable.js:390:139)
[error] 
[error] Error: An unexpected error has occurred.
[debug] [2023-08-14T17:00:39.961Z] Error: write EIO
    at afterWriteDispatched (node:internal/stream_base_commons:160:15)
    at writeGeneric (node:internal/stream_base_commons:151:3)
    at WriteStream.Socket._writeGeneric (node:net:817:11)
    at WriteStream.Socket._write (node:net:829:8)
    at writeOrBuffer (node:internal/streams/writable:389:12)
    at _write (node:internal/streams/writable:330:10)
    at WriteStream.Writable.write (node:internal/streams/writable:334:10)
    at Console.log (/home/jakubc/.cache/firebase/tools/lib/node_modules/winston/lib/winston/transports/console.js:79:23)
    at Console._write (/home/jakubc/.cache/firebase/tools/lib/node_modules/winston-transport/index.js:103:17)
    at doWrite (/home/jakubc/.cache/firebase/tools/lib/node_modules/readable-stream/lib/_stream_writable.js:390:139)
[error] 
[error] Error: An unexpected error has occurred.
[debug] [2023-08-14T17:00:39.961Z] Error: write EIO
    at afterWriteDispatched (node:internal/stream_base_commons:160:15)
    at writeGeneric (node:internal/stream_base_commons:151:3)
    at WriteStream.Socket._writeGeneric (node:net:817:11)
    at WriteStream.Socket._write (node:net:829:8)
    at writeOrBuffer (node:internal/streams/writable:389:12)
    at _write (node:internal/streams/writable:330:10)
    at WriteStream.Writable.write (node:internal/streams/writable:334:10)
    at Console.log (/home/jakubc/.cache/firebase/tools/lib/node_modules/winston/lib/winston/transports/console.js:79:23)
    at Console._write (/home/jakubc/.cache/firebase/tools/lib/node_modules/winston-transport/index.js:103:17)
    at doWrite (/home/jakubc/.cache/firebase/tools/lib/node_modules/readable-stream/lib/_stream_writable.js:390:139)
[error] 
[error] Error: An unexpected error has occurred.
[debug] [2023-08-14T17:00:39.962Z] Error: write EIO
    at afterWriteDispatched (node:internal/stream_base_commons:160:15)
    at writeGeneric (node:internal/stream_base_commons:151:3)
    at WriteStream.Socket._writeGeneric (node:net:817:11)
    at WriteStream.Socket._write (node:net:829:8)
    at writeOrBuffer (node:internal/streams/writable:389:12)
    at _write (node:internal/streams/writable:330:10)
    at WriteStream.Writable.write (node:internal/streams/writable:334:10)
    at Console.log (/home/jakubc/.cache/firebase/tools/lib/node_modules/winston/lib/winston/transports/console.js:79:23)
    at Console._write (/home/jakubc/.cache/firebase/tools/lib/node_modules/winston-transport/index.js:103:17)
    at doWrite (/home/jakubc/.cache/firebase/tools/lib/node_modules/readable-stream/lib/_stream_writable.js:390:139)
[error] 
[error] Error: An unexpected error has occurred.
[debug] [2023-08-14T17:00:39.962Z] Error: write EIO
    at afterWriteDispatched (node:internal/stream_base_commons:160:15)
    at writeGeneric (node:internal/stream_base_commons:151:3)
    at WriteStream.Socket._writeGeneric (node:net:817:11)
    at WriteStream.Socket._write (node:net:829:8)
    at writeOrBuffer (node:internal/streams/writable:389:12)
    at _write (node:internal/streams/writable:330:10)
    at WriteStream.Writable.write (node:internal/streams/writable:334:10)
    at Console.log (/home/jakubc/.cache/firebase/tools/lib/node_modules/winston/lib/winston/transports/console.js:79:23)
    at Console._write (/home/jakubc/.cache/firebase/tools/lib/node_modules/winston-transport/index.js:103:17)
    at doWrite (/home/jakubc/.cache/firebase/tools/lib/node_modules/readable-stream/lib/_stream_writable.js:390:139)
[error] 
[error] Error: An unexpected error has occurred.
[debug] [2023-08-14T17:00:39.962Z] Error: write EIO
    at afterWriteDispatched (node:internal/stream_base_commons:160:15)
    at writeGeneric (node:internal/stream_base_commons:151:3)
    at WriteStream.Socket._writeGeneric (node:net:817:11)
    at WriteStream.Socket._write (node:net:829:8)
    at writeOrBuffer (node:internal/streams/writable:389:12)
    at _write (node:internal/streams/writable:330:10)
    at WriteStream.Writable.write (node:internal/streams/writable:334:10)
    at Console.log (/home/jakubc/.cache/firebase/tools/lib/node_modules/winston/lib/winston/transports/console.js:79:23)
    at Console._write (/home/jakubc/.cache/firebase/tools/lib/node_modules/winston-transport/index.js:103:17)
    at doWrite (/home/jakubc/.cache/firebase/tools/lib/node_modules/readable-stream/lib/_stream_writable.js:390:139)
[error] 
[error] Error: An unexpected error has occurred.
[debug] [2023-08-14T17:00:39.962Z] Error: write EIO
    at afterWriteDispatched (node:internal/stream_base_commons:160:15)
    at writeGeneric (node:internal/stream_base_commons:151:3)
    at WriteStream.Socket._writeGeneric (node:net:817:11)
    at WriteStream.Socket._write (node:net:829:8)
    at writeOrBuffer (node:internal/streams/writable:389:12)
    at _write (node:internal/streams/writable:330:10)
    at WriteStream.Writable.write (node:internal/streams/writable:334:10)
    at Console.log (/home/jakubc/.cache/firebase/tools/lib/node_modules/winston/lib/winston/transports/console.js:79:23)
    at Console._write (/home/jakubc/.cache/firebase/tools/lib/node_modules/winston-transport/index.js:103:17)
    at doWrite (/home/jakubc/.cache/firebase/tools/lib/node_modules/readable-stream/lib/_stream_writable.js:390:139)
[error] 
[error] Error: An unexpected error has occurred.
[debug] [2023-08-14T17:00:39.963Z] Error: write EIO
    at afterWriteDispatched (node:internal/stream_base_commons:160:15)
    at writeGeneric (node:internal/stream_base_commons:151:3)
    at WriteStream.Socket._writeGeneric (node:net:817:11)
    at WriteStream.Socket._write (node:net:829:8)
    at writeOrBuffer (node:internal/streams/writable:389:12)
    at _write (node:internal/streams/writable:330:10)
    at WriteStream.Writable.write (node:internal/streams/writable:334:10)
    at Console.log (/home/jakubc/.cache/firebase/tools/lib/node_modules/winston/lib/winston/transports/console.js:79:23)
    at Console._write (/home/jakubc/.cache/firebase/tools/lib/node_modules/winston-transport/index.js:103:17)
    at doWrite (/home/jakubc/.cache/firebase/tools/lib/node_modules/readable-stream/lib/_stream_writable.js:390:139)
[error] 
[error] Error: An unexpected error has occurred.
[debug] [2023-08-14T17:00:39.963Z] Error: write EIO
    at afterWriteDispatched (node:internal/stream_base_commons:160:15)
    at writeGeneric (node:internal/stream_base_commons:151:3)
    at WriteStream.Socket._writeGeneric (node:net:817:11)
    at WriteStream.Socket._write (node:net:829:8)
    at writeOrBuffer (node:internal/streams/writable:389:12)
    at _write (node:internal/streams/writable:330:10)
    at WriteStream.Writable.write (node:internal/streams/writable:334:10)
    at Console.log (/home/jakubc/.cache/firebase/tools/lib/node_modules/winston/lib/winston/transports/console.js:79:23)
    at Console._write (/home/jakubc/.cache/firebase/tools/lib/node_modules/winston-transport/index.js:103:17)
    at doWrite (/home/jakubc/.cache/firebase/tools/lib/node_modules/readable-stream/lib/_stream_writable.js:390:139)
[error] 
[error] Error: An unexpected error has occurred.
[debug] [2023-08-14T17:00:39.963Z] Error: write EIO
    at afterWriteDispatched (node:internal/stream_base_commons:160:15)
    at writeGeneric (node:internal/stream_base_commons:151:3)
    at WriteStream.Socket._writeGeneric (node:net:817:11)
    at WriteStream.Socket._write (node:net:829:8)
    at writeOrBuffer (node:internal/streams/writable:389:12)
    at _write (node:internal/streams/writable:330:10)
    at WriteStream.Writable.write (node:internal/streams/writable:334:10)
    at Console.log (/home/jakubc/.cache/firebase/tools/lib/node_modules/winston/lib/winston/transports/console.js:79:23)
    at Console._write (/home/jakubc/.cache/firebase/tools/lib/node_modules/winston-transport/index.js:103:17)
    at doWrite (/home/jakubc/.cache/firebase/tools/lib/node_modules/readable-stream/lib/_stream_writable.js:390:139)
[error] 
[error] Error: An unexpected error has occurred.
[debug] [2023-08-14T17:00:39.963Z] Error: write EIO
    at afterWriteDispatched (node:internal/stream_base_commons:160:15)
    at writeGeneric (node:internal/stream_base_commons:151:3)
    at WriteStream.Socket._writeGeneric (node:net:817:11)
    at WriteStream.Socket._write (node:net:829:8)
    at writeOrBuffer (node:internal/streams/writable:389:12)
    at _write (node:internal/streams/writable:330:10)
    at WriteStream.Writable.write (node:internal/streams/writable:334:10)
    at Console.log (/home/jakubc/.cache/firebase/tools/lib/node_modules/winston/lib/winston/transports/console.js:79:23)
    at Console._write (/home/jakubc/.cache/firebase/tools/lib/node_modules/winston-transport/index.js:103:17)
    at doWrite (/home/jakubc/.cache/firebase/tools/lib/node_modules/readable-stream/lib/_stream_writable.js:390:139)
